<?xml version="1.0" encoding="UTF-8"?>
<!-- Generated by org.testng.reporters.JUnitXMLReporter -->
<testsuite hostname="Santosh" ignored="0" name="Default test" tests="6" failures="0" timestamp="01 Feb 2020 19:35:24 GMT" time="155.116" errors="0">
  <testcase name="createContact" time="8.291" classname="HubSpotTests.ContactPageTest"/>
  <testcase name="createContact" time="8.158" classname="HubSpotTests.ContactPageTest"/>
  <testcase name="createContact" time="8.638" classname="HubSpotTests.ContactPageTest"/>
  <testcase name="createContact" time="9.668" classname="HubSpotTests.ContactPageTest"/>
  <testcase name="createContact" time="7.86" classname="HubSpotTests.ContactPageTest"/>
  <testcase name="createContact" time="8.074" classname="HubSpotTests.ContactPageTest"/>
</testsuite> <!-- Default test -->
