<?xml version="1.0" encoding="UTF-8"?>
<testsuite xmlns:xsi="http://www.w3.org/2001/XMLSchema-instance" xsi:noNamespaceSchemaLocation="https://maven.apache.org/surefire/maven-surefire-plugin/xsd/surefire-test-report.xsd" name="TestSuite" time="23.339" tests="2" errors="0" skipped="0" failures="0">
  <properties>
[...]
</properties>
  <testcase name="verifyPageTitle" classname="HubSpotTests.LoginPageTest" time="0.113"/>
  <testcase name="getLogin" classname="HubSpotTests.LoginPageTest" time="2.089"/>
</testsuite>