<?xml version="1.0" encoding="UTF-8"?>
<testng-results ignored="0" total="2" passed="2" failed="0" skipped="0">
  <reporter-output>
  </reporter-output>
  <suite started-at="2020-02-02T20:13:32Z" name="Automation Suite" finished-at="2020-02-02T20:13:54Z" duration-ms="21644">
    <groups>
    </groups>
    <test started-at="2020-02-02T20:13:32Z" name="HubSpot Regression Test Suite" finished-at="2020-02-02T20:13:54Z" duration-ms="21644">
      <class name="HubSpotTests.LoginPageTest">
        <test-method is-config="true" signature="setup()[pri:0, instance:HubSpotTests.LoginPageTest@344f4dea]" started-at="2020-02-02T20:13:32Z" name="setup" finished-at="2020-02-02T20:13:41Z" duration-ms="9091" status="PASS">
          <reporter-output>
          </reporter-output>
        </test-method> <!-- setup -->
        <test-method signature="verifyPageTitle()[pri:1, instance:HubSpotTests.LoginPageTest@344f4dea]" started-at="2020-02-02T20:13:41Z" name="verifyPageTitle" finished-at="2020-02-02T20:13:41Z" duration-ms="119" status="PASS">
          <reporter-output>
          </reporter-output>
        </test-method> <!-- verifyPageTitle -->
        <test-method is-config="true" signature="teardown()[pri:0, instance:HubSpotTests.LoginPageTest@344f4dea]" started-at="2020-02-02T20:13:41Z" name="teardown" finished-at="2020-02-02T20:13:42Z" duration-ms="739" status="PASS">
          <reporter-output>
          </reporter-output>
        </test-method> <!-- teardown -->
        <test-method is-config="true" signature="setup()[pri:0, instance:HubSpotTests.LoginPageTest@344f4dea]" started-at="2020-02-02T20:13:42Z" name="setup" finished-at="2020-02-02T20:13:51Z" duration-ms="8621" status="PASS">
          <reporter-output>
          </reporter-output>
        </test-method> <!-- setup -->
        <test-method signature="getLogin()[pri:2, instance:HubSpotTests.LoginPageTest@344f4dea]" started-at="2020-02-02T20:13:51Z" name="getLogin" finished-at="2020-02-02T20:13:53Z" duration-ms="2095" status="PASS">
          <reporter-output>
          </reporter-output>
        </test-method> <!-- getLogin -->
        <test-method is-config="true" signature="teardown()[pri:0, instance:HubSpotTests.LoginPageTest@344f4dea]" started-at="2020-02-02T20:13:53Z" name="teardown" finished-at="2020-02-02T20:13:54Z" duration-ms="739" status="PASS">
          <reporter-output>
          </reporter-output>
        </test-method> <!-- teardown -->
      </class> <!-- HubSpotTests.LoginPageTest -->
    </test> <!-- HubSpot Regression Test Suite -->
  </suite> <!-- Automation Suite -->
</testng-results>
