<?xml version="1.0" encoding="UTF-8"?>
<testng-results skipped="0" failed="0" ignored="0" total="2" passed="2">
  <reporter-output>
  </reporter-output>
  <suite name="Automation Suite" duration-ms="22194" started-at="2020-02-02T20:25:34Z" finished-at="2020-02-02T20:25:56Z">
    <groups>
    </groups>
    <test name="HubSpot Regression Test Suite" duration-ms="22194" started-at="2020-02-02T20:25:34Z" finished-at="2020-02-02T20:25:56Z">
      <class name="HubSpotTests.LoginPageTest">
        <test-method status="PASS" signature="setup()[pri:0, instance:HubSpotTests.LoginPageTest@32502377]" name="setup" is-config="true" duration-ms="9122" started-at="2020-02-02T20:25:34Z" finished-at="2020-02-02T20:25:43Z">
          <reporter-output>
          </reporter-output>
        </test-method> <!-- setup -->
        <test-method status="PASS" signature="verifyPageTitle()[pri:1, instance:HubSpotTests.LoginPageTest@32502377]" name="verifyPageTitle" duration-ms="715" started-at="2020-02-02T20:25:43Z" finished-at="2020-02-02T20:25:44Z">
          <reporter-output>
          </reporter-output>
        </test-method> <!-- verifyPageTitle -->
        <test-method status="PASS" signature="teardown()[pri:0, instance:HubSpotTests.LoginPageTest@32502377]" name="teardown" is-config="true" duration-ms="775" started-at="2020-02-02T20:25:44Z" finished-at="2020-02-02T20:25:45Z">
          <reporter-output>
          </reporter-output>
        </test-method> <!-- teardown -->
        <test-method status="PASS" signature="setup()[pri:0, instance:HubSpotTests.LoginPageTest@32502377]" name="setup" is-config="true" duration-ms="8597" started-at="2020-02-02T20:25:45Z" finished-at="2020-02-02T20:25:53Z">
          <reporter-output>
          </reporter-output>
        </test-method> <!-- setup -->
        <test-method status="PASS" signature="getLogin()[pri:2, instance:HubSpotTests.LoginPageTest@32502377]" name="getLogin" duration-ms="1994" started-at="2020-02-02T20:25:53Z" finished-at="2020-02-02T20:25:55Z">
          <reporter-output>
          </reporter-output>
        </test-method> <!-- getLogin -->
        <test-method status="PASS" signature="teardown()[pri:0, instance:HubSpotTests.LoginPageTest@32502377]" name="teardown" is-config="true" duration-ms="775" started-at="2020-02-02T20:25:55Z" finished-at="2020-02-02T20:25:56Z">
          <reporter-output>
          </reporter-output>
        </test-method> <!-- teardown -->
      </class> <!-- HubSpotTests.LoginPageTest -->
    </test> <!-- HubSpot Regression Test Suite -->
  </suite> <!-- Automation Suite -->
</testng-results>
