<?xml version="1.0" encoding="UTF-8"?>
<!-- Generated by org.testng.reporters.JUnitXMLReporter -->
<testsuite hostname="Santosh" ignored="0" name="Hub Spot Regression Tests" tests="9" failures="0" timestamp="01 Feb 2020 19:51:58 GMT" time="183.068" errors="0">
  <testcase name="verifyPageTitle" time="0.06" classname="HubSpotTests.LoginPageTest"/>
  <testcase name="verifyProfile" time="7.673" classname="HubSpotTests.HomePageTest"/>
  <testcase name="createContact" time="7.694" classname="HubSpotTests.ContactPageTest"/>
  <testcase name="createContact" time="7.756" classname="HubSpotTests.ContactPageTest"/>
  <testcase name="createContact" time="8.598" classname="HubSpotTests.ContactPageTest"/>
  <testcase name="createContact" time="7.758" classname="HubSpotTests.ContactPageTest"/>
  <testcase name="createContact" time="7.848" classname="HubSpotTests.ContactPageTest"/>
  <testcase name="createContact" time="7.742" classname="HubSpotTests.ContactPageTest"/>
  <testcase name="getLogin" time="1.545" classname="HubSpotTests.LoginPageTest"/>
</testsuite> <!-- Hub Spot Regression Tests -->
